<?xml version="1.0" encoding="UTF-8"?>
<testsuite name="com.topit.meetup.core.common.DomainResultTest" tests="10" skipped="0" failures="0" errors="0" timestamp="2026-05-21T13:52:42.336Z" hostname="DESKTOP-P4IT1VD" time="0.008">
  <properties/>
  <testcase name="onFailure invokes action when Error" classname="com.topit.meetup.core.common.DomainResultTest" time="0.003"/>
  <testcase name="map preserves Error unchanged" classname="com.topit.meetup.core.common.DomainResultTest" time="0.0"/>
  <testcase name="onFailure passes correct error to action" classname="com.topit.meetup.core.common.DomainResultTest" time="0.001"/>
  <testcase name="onSuccess returns original result for chaining" classname="com.topit.meetup.core.common.DomainResultTest" time="0.0"/>
  <testcase name="onSuccess skips action when Error" classname="com.topit.meetup.core.common.DomainResultTest" time="0.0"/>
  <testcase name="onSuccess passes correct value to action" classname="com.topit.meetup.core.common.DomainResultTest" time="0.0"/>
  <testcase name="map transforms Success value" classname="com.topit.meetup.core.common.DomainResultTest" time="0.0"/>
  <testcase name="onFailure skips action when Success" classname="com.topit.meetup.core.common.DomainResultTest" time="0.0"/>
  <testcase name="onFailure returns original result for chaining" classname="com.topit.meetup.core.common.DomainResultTest" time="0.0"/>
  <testcase name="onSuccess invokes action when Success" classname="com.topit.meetup.core.common.DomainResultTest" time="0.0"/>
  <system-out><![CDATA[]]></system-out>
  <system-err><![CDATA[]]></system-err>
</testsuite>
